[0.016s] Invoking command in '/home/ibraheem/course_ws/src/build/diff_bot': CMAKE_PREFIX_PATH=/opt/ros/humble /home/ibraheem/.local/bin/cmake /home/ibraheem/course_ws/src/diff_bot -DAMENT_CMAKE_SYMLINK_INSTALL=1 -DCMAKE_INSTALL_PREFIX=/home/ibraheem/course_ws/src/install/diff_bot
[0.338s] -- The C compiler identification is GNU 11.4.0
[0.435s] -- The CXX compiler identification is GNU 11.4.0
[0.466s] -- Detecting C compiler ABI info
[0.564s] -- Detecting C compiler ABI info - done
[0.584s] -- Check for working C compiler: /usr/bin/cc - skipped
[0.585s] -- Detecting C compile features
[0.585s] -- Detecting C compile features - done
[0.589s] -- Detecting CXX compiler ABI info
[0.682s] -- Detecting CXX compiler ABI info - done
[0.702s] -- Check for working CXX compiler: /usr/bin/c++ - skipped
[0.703s] -- Detecting CXX compile features
[0.703s] -- Detecting CXX compile features - done
[0.707s] -- Found ament_cmake: 1.3.8 (/opt/ros/humble/share/ament_cmake/cmake)
[0.844s] -- Found Python3: /usr/bin/python3 (found version "3.10.12") found components: Interpreter
[0.912s] -- Override CMake install command with custom implementation using symlinks instead of copying resources
[0.967s] -- Found rclcpp: 16.0.8 (/opt/ros/humble/share/rclcpp/cmake)
[1.034s] -- Found rosidl_generator_c: 3.1.5 (/opt/ros/humble/share/rosidl_generator_c/cmake)
[1.042s] -- Found rosidl_adapter: 3.1.5 (/opt/ros/humble/share/rosidl_adapter/cmake)
[1.054s] -- Found rosidl_generator_cpp: 3.1.5 (/opt/ros/humble/share/rosidl_generator_cpp/cmake)
[1.075s] -- Using all available rosidl_typesupport_c: rosidl_typesupport_fastrtps_c;rosidl_typesupport_introspection_c
[1.105s] -- Using all available rosidl_typesupport_cpp: rosidl_typesupport_fastrtps_cpp;rosidl_typesupport_introspection_cpp
[1.208s] -- Found rmw_implementation_cmake: 6.1.1 (/opt/ros/humble/share/rmw_implementation_cmake/cmake)
[1.212s] -- Found rmw_fastrtps_cpp: 6.2.6 (/opt/ros/humble/share/rmw_fastrtps_cpp/cmake)
[1.422s] -- Found OpenSSL: /usr/lib/x86_64-linux-gnu/libcrypto.so (found version "3.0.2")
[1.459s] -- Found FastRTPS: /opt/ros/humble/include
[1.526s] -- Using RMW implementation 'rmw_fastrtps_cpp' as default
[1.539s] -- Performing Test CMAKE_HAVE_LIBC_PTHREAD
[1.656s] -- Performing Test CMAKE_HAVE_LIBC_PTHREAD - Success
[1.658s] -- Found Threads: TRUE
[1.889s] -- Found ament_lint_auto: 0.12.10 (/opt/ros/humble/share/ament_lint_auto/cmake)
[1.980s] -- Added test 'flake8' to check Python code syntax and style conventions
[1.980s] -- Added test 'lint_cmake' to check CMake code style
[1.981s] -- Added test 'pep257' to check Python code against some of the docstring style conventions in PEP 257
[1.984s] -- Added test 'xmllint' to check XML markup files
[1.986s] -- Configuring done (1.9s)
[1.992s] -- Generating done (0.0s)
[1.994s] -- Build files have been written to: /home/ibraheem/course_ws/src/build/diff_bot
[2.016s] Invoked command in '/home/ibraheem/course_ws/src/build/diff_bot' returned '0': CMAKE_PREFIX_PATH=/opt/ros/humble /home/ibraheem/.local/bin/cmake /home/ibraheem/course_ws/src/diff_bot -DAMENT_CMAKE_SYMLINK_INSTALL=1 -DCMAKE_INSTALL_PREFIX=/home/ibraheem/course_ws/src/install/diff_bot
[2.019s] Invoking command in '/home/ibraheem/course_ws/src/build/diff_bot': CMAKE_PREFIX_PATH=/opt/ros/humble /home/ibraheem/.local/bin/cmake --build /home/ibraheem/course_ws/src/build/diff_bot -- -j6 -l6
[2.124s] Invoked command in '/home/ibraheem/course_ws/src/build/diff_bot' returned '0': CMAKE_PREFIX_PATH=/opt/ros/humble /home/ibraheem/.local/bin/cmake --build /home/ibraheem/course_ws/src/build/diff_bot -- -j6 -l6
[2.317s] Invoking command in '/home/ibraheem/course_ws/src/build/diff_bot': CMAKE_PREFIX_PATH=/opt/ros/humble /home/ibraheem/.local/bin/cmake --install /home/ibraheem/course_ws/src/build/diff_bot
[2.393s] -- Install configuration: ""
[2.393s] -- Execute custom install script
[2.394s] -- Symlinking: /home/ibraheem/course_ws/src/install/diff_bot/share/diff_bot/urdf/caster_wheel.xacro
[2.398s] -- Symlinking: /home/ibraheem/course_ws/src/install/diff_bot/share/diff_bot/urdf/chassis.xacro
[2.401s] -- Symlinking: /home/ibraheem/course_ws/src/install/diff_bot/share/diff_bot/urdf/control.xacro
[2.405s] -- Symlinking: /home/ibraheem/course_ws/src/install/diff_bot/share/diff_bot/urdf/depth_camera.xacro
[2.410s] -- Symlinking: /home/ibraheem/course_ws/src/install/diff_bot/share/diff_bot/urdf/gazebo_control.xacro
[2.413s] -- Symlinking: /home/ibraheem/course_ws/src/install/diff_bot/share/diff_bot/urdf/inertial_macros.xacro
[2.417s] -- Symlinking: /home/ibraheem/course_ws/src/install/diff_bot/share/diff_bot/urdf/properties.xacro
[2.421s] -- Symlinking: /home/ibraheem/course_ws/src/install/diff_bot/share/diff_bot/urdf/robot.urdf.xacro
[2.424s] -- Symlinking: /home/ibraheem/course_ws/src/install/diff_bot/share/diff_bot/urdf/wheel.xacro
[2.428s] -- Symlinking: /home/ibraheem/course_ws/src/install/diff_bot/share/diff_bot/launch/robot.launch.py
[2.431s] -- Symlinking: /home/ibraheem/course_ws/src/install/diff_bot/share/diff_bot/launch/rsp.launch.py
[2.435s] -- Symlinking: /home/ibraheem/course_ws/src/install/diff_bot/share/diff_bot/launch/simulation.launch.py
[2.439s] -- Symlinking: /home/ibraheem/course_ws/src/install/diff_bot/share/diff_bot/config/diff_drive_controller.yaml
[2.443s] -- Symlinking: /home/ibraheem/course_ws/src/install/diff_bot/share/ament_index/resource_index/package_run_dependencies/diff_bot
[2.447s] -- Symlinking: /home/ibraheem/course_ws/src/install/diff_bot/share/ament_index/resource_index/parent_prefix_path/diff_bot
[2.450s] -- Symlinking: /home/ibraheem/course_ws/src/install/diff_bot/share/diff_bot/environment/ament_prefix_path.sh
[2.454s] -- Symlinking: /home/ibraheem/course_ws/src/install/diff_bot/share/diff_bot/environment/ament_prefix_path.dsv
[2.457s] -- Symlinking: /home/ibraheem/course_ws/src/install/diff_bot/share/diff_bot/environment/path.sh
[2.461s] -- Symlinking: /home/ibraheem/course_ws/src/install/diff_bot/share/diff_bot/environment/path.dsv
[2.464s] -- Symlinking: /home/ibraheem/course_ws/src/install/diff_bot/share/diff_bot/local_setup.bash
[2.468s] -- Symlinking: /home/ibraheem/course_ws/src/install/diff_bot/share/diff_bot/local_setup.sh
[2.472s] -- Symlinking: /home/ibraheem/course_ws/src/install/diff_bot/share/diff_bot/local_setup.zsh
[2.475s] -- Symlinking: /home/ibraheem/course_ws/src/install/diff_bot/share/diff_bot/local_setup.dsv
[2.479s] -- Symlinking: /home/ibraheem/course_ws/src/install/diff_bot/share/diff_bot/package.dsv
[2.483s] -- Symlinking: /home/ibraheem/course_ws/src/install/diff_bot/share/ament_index/resource_index/packages/diff_bot
[2.486s] -- Symlinking: /home/ibraheem/course_ws/src/install/diff_bot/share/diff_bot/cmake/diff_botConfig.cmake
[2.490s] -- Symlinking: /home/ibraheem/course_ws/src/install/diff_bot/share/diff_bot/cmake/diff_botConfig-version.cmake
[2.494s] -- Symlinking: /home/ibraheem/course_ws/src/install/diff_bot/share/diff_bot/package.xml
[2.512s] Invoked command in '/home/ibraheem/course_ws/src/build/diff_bot' returned '0': CMAKE_PREFIX_PATH=/opt/ros/humble /home/ibraheem/.local/bin/cmake --install /home/ibraheem/course_ws/src/build/diff_bot
