[0.018s] Invoking command in '/home/ibraheem/course_ws/src/build/depthimage_to_laserscan': CMAKE_PREFIX_PATH=/opt/ros/humble /home/ibraheem/.local/bin/cmake /home/ibraheem/course_ws/src/depthimage_to_laserscan -DAMENT_CMAKE_SYMLINK_INSTALL=1 -DCMAKE_INSTALL_PREFIX=/home/ibraheem/course_ws/src/install/depthimage_to_laserscan
[0.342s] -- The C compiler identification is GNU 11.4.0
[0.441s] -- The CXX compiler identification is GNU 11.4.0
[0.472s] -- Detecting C compiler ABI info
[0.568s] -- Detecting C compiler ABI info - done
[0.589s] -- Check for working C compiler: /usr/bin/cc - skipped
[0.589s] -- Detecting C compile features
[0.590s] -- Detecting C compile features - done
[0.595s] -- Detecting CXX compiler ABI info
[0.688s] -- Detecting CXX compiler ABI info - done
[0.709s] -- Check for working CXX compiler: /usr/bin/c++ - skipped
[0.709s] -- Detecting CXX compile features
[0.710s] -- Detecting CXX compile features - done
[0.715s] -- Found ament_cmake_ros: 0.10.0 (/opt/ros/humble/share/ament_cmake_ros/cmake)
[0.874s] -- Found Python3: /usr/bin/python3 (found version "3.10.12") found components: Interpreter
[0.940s] -- Override CMake install command with custom implementation using symlinks instead of copying resources
[0.983s] -- Found image_geometry: 3.2.1 (/opt/ros/humble/share/image_geometry/cmake)
[1.061s] -- Found rosidl_generator_c: 3.1.5 (/opt/ros/humble/share/rosidl_generator_c/cmake)
[1.069s] -- Found rosidl_adapter: 3.1.5 (/opt/ros/humble/share/rosidl_adapter/cmake)
[1.083s] -- Found rosidl_generator_cpp: 3.1.5 (/opt/ros/humble/share/rosidl_generator_cpp/cmake)
[1.106s] -- Using all available rosidl_typesupport_c: rosidl_typesupport_fastrtps_c;rosidl_typesupport_introspection_c
[1.138s] -- Using all available rosidl_typesupport_cpp: rosidl_typesupport_fastrtps_cpp;rosidl_typesupport_introspection_cpp
[1.477s] -- Found OpenCV: /usr (found version "4.5.4") found components: core
[1.480s] -- Found rclcpp: 16.0.8 (/opt/ros/humble/share/rclcpp/cmake)
[1.579s] -- Found rmw_implementation_cmake: 6.1.1 (/opt/ros/humble/share/rmw_implementation_cmake/cmake)
[1.584s] -- Found rmw_fastrtps_cpp: 6.2.6 (/opt/ros/humble/share/rmw_fastrtps_cpp/cmake)
[1.723s] -- Found OpenSSL: /usr/lib/x86_64-linux-gnu/libcrypto.so (found version "3.0.2")
[1.762s] -- Found FastRTPS: /opt/ros/humble/include
[1.832s] -- Using RMW implementation 'rmw_fastrtps_cpp' as default
[1.846s] -- Performing Test CMAKE_HAVE_LIBC_PTHREAD
[1.921s] -- Performing Test CMAKE_HAVE_LIBC_PTHREAD - Success
[1.922s] -- Found Threads: TRUE
[2.127s] -- Found rclcpp_components: 16.0.8 (/opt/ros/humble/share/rclcpp_components/cmake)
[2.232s] -- Performing Test COMPILER_HAS_HIDDEN_VISIBILITY
[2.313s] -- Performing Test COMPILER_HAS_HIDDEN_VISIBILITY - Success
[2.314s] -- Performing Test COMPILER_HAS_HIDDEN_INLINE_VISIBILITY
[2.393s] -- Performing Test COMPILER_HAS_HIDDEN_INLINE_VISIBILITY - Success
[2.393s] -- Performing Test COMPILER_HAS_DEPRECATED_ATTR
[2.473s] -- Performing Test COMPILER_HAS_DEPRECATED_ATTR - Success
[2.480s] -- Found ament_lint_auto: 0.12.10 (/opt/ros/humble/share/ament_lint_auto/cmake)
[2.586s] -- Found gtest sources under '/opt/ros/humble/src/gtest_vendor': C++ tests using 'Google Test' will be built
[2.599s] -- Added test 'copyright' to check source files copyright and LICENSE
[2.605s] -- Added test 'cppcheck' to perform static code analysis on C / C++ code
[2.605s] -- Configured cppcheck include dirs: $<BUILD_INTERFACE:/home/ibraheem/course_ws/src/depthimage_to_laserscan/include>
[2.605s] -- Configured cppcheck exclude dirs and/or files: 
[2.611s] -- Added test 'cpplint' to check C / C++ code against the Google style
[2.611s] -- Configured cpplint exclude dirs and/or files: 
[2.613s] -- Added test 'flake8' to check Python code syntax and style conventions
[2.615s] -- Added test 'lint_cmake' to check CMake code style
[2.616s] -- Added test 'pep257' to check Python code against some of the docstring style conventions in PEP 257
[2.622s] -- Added test 'uncrustify' to check C / C++ code style
[2.622s] -- Configured uncrustify additional arguments: 
[2.623s] -- Added test 'xmllint' to check XML markup files
[2.629s] -- Configuring done (2.5s)
[2.663s] -- Generating done (0.0s)
[2.666s] -- Build files have been written to: /home/ibraheem/course_ws/src/build/depthimage_to_laserscan
[2.695s] Invoked command in '/home/ibraheem/course_ws/src/build/depthimage_to_laserscan' returned '0': CMAKE_PREFIX_PATH=/opt/ros/humble /home/ibraheem/.local/bin/cmake /home/ibraheem/course_ws/src/depthimage_to_laserscan -DAMENT_CMAKE_SYMLINK_INSTALL=1 -DCMAKE_INSTALL_PREFIX=/home/ibraheem/course_ws/src/install/depthimage_to_laserscan
[2.697s] Invoking command in '/home/ibraheem/course_ws/src/build/depthimage_to_laserscan': CMAKE_PREFIX_PATH=/opt/ros/humble /home/ibraheem/.local/bin/cmake --build /home/ibraheem/course_ws/src/build/depthimage_to_laserscan -- -j6 -l6
[2.801s] [ 25%] [32mBuilding CXX object gtest/CMakeFiles/gtest.dir/src/gtest-all.cc.o[0m
[2.801s] [ 25%] [32mBuilding CXX object CMakeFiles/DepthImageToLaserScan.dir/src/DepthImageToLaserScan.cpp.o[0m
[2.801s] [ 25%] [32mBuilding CXX object gtest/CMakeFiles/gtest_main.dir/src/gtest_main.cc.o[0m
[3.894s] [ 33%] [32m[1mLinking CXX static library libgtest_main.a[0m
[3.953s] [ 33%] Built target gtest_main
[4.219s] [ 41%] [32m[1mLinking CXX shared library libDepthImageToLaserScan.so[0m
[4.325s] [ 41%] Built target DepthImageToLaserScan
[4.337s] [ 50%] [32mBuilding CXX object CMakeFiles/DepthImageToLaserScanROS.dir/src/DepthImageToLaserScanROS.cpp.o[0m
[6.522s] [ 58%] [32m[1mLinking CXX static library libgtest.a[0m
[6.575s] [ 58%] Built target gtest
[6.587s] [ 66%] [32mBuilding CXX object CMakeFiles/depthimage_to_laserscan-test.dir/test/DepthImageToLaserScanTest.cpp.o[0m
[8.809s] [ 75%] [32m[1mLinking CXX executable depthimage_to_laserscan-test[0m
[9.001s] [ 75%] Built target depthimage_to_laserscan-test
[18.445s] [ 83%] [32m[1mLinking CXX shared library libDepthImageToLaserScanROS.so[0m
[19.141s] [ 83%] Built target DepthImageToLaserScanROS
[19.152s] [ 91%] [32mBuilding CXX object CMakeFiles/depthimage_to_laserscan_node.dir/src/depthimage_to_laserscan.cpp.o[0m
[22.823s] [100%] [32m[1mLinking CXX executable depthimage_to_laserscan_node[0m
[23.093s] [100%] Built target depthimage_to_laserscan_node
[23.113s] Invoked command in '/home/ibraheem/course_ws/src/build/depthimage_to_laserscan' returned '0': CMAKE_PREFIX_PATH=/opt/ros/humble /home/ibraheem/.local/bin/cmake --build /home/ibraheem/course_ws/src/build/depthimage_to_laserscan -- -j6 -l6
[23.236s] Invoking command in '/home/ibraheem/course_ws/src/build/depthimage_to_laserscan': CMAKE_PREFIX_PATH=/opt/ros/humble /home/ibraheem/.local/bin/cmake --install /home/ibraheem/course_ws/src/build/depthimage_to_laserscan
[23.313s] -- Install configuration: ""
[23.313s] -- Execute custom install script
[23.314s] -- Symlinking: /home/ibraheem/course_ws/src/install/depthimage_to_laserscan/include/depthimage_to_laserscan/depthimage_to_laserscan/DepthImageToLaserScan.hpp
[23.318s] -- Symlinking: /home/ibraheem/course_ws/src/install/depthimage_to_laserscan/include/depthimage_to_laserscan/depthimage_to_laserscan/DepthImageToLaserScanROS.hpp
[23.321s] -- Symlinking: /home/ibraheem/course_ws/src/install/depthimage_to_laserscan/include/depthimage_to_laserscan/depthimage_to_laserscan/depth_traits.hpp
[23.325s] -- Symlinking: /home/ibraheem/course_ws/src/install/depthimage_to_laserscan/share/depthimage_to_laserscan//launch/depthimage_to_laserscan-launch.py
[23.328s] -- Symlinking: /home/ibraheem/course_ws/src/install/depthimage_to_laserscan/share/depthimage_to_laserscan//launch/depthimage_to_laserscan_composed-launch.py
[23.332s] -- Symlinking: /home/ibraheem/course_ws/src/install/depthimage_to_laserscan/share/depthimage_to_laserscan//cfg/param.yaml
[23.336s] -- Symlinking: /home/ibraheem/course_ws/src/install/depthimage_to_laserscan/lib/depthimage_to_laserscan/depthimage_to_laserscan_node
[23.339s] -- Symlinking: /home/ibraheem/course_ws/src/install/depthimage_to_laserscan/include/depthimage_to_laserscan/depthimage_to_laserscan/DepthImageToLaserScan_export.h
[23.343s] -- Symlinking: /home/ibraheem/course_ws/src/install/depthimage_to_laserscan/include/depthimage_to_laserscan/depthimage_to_laserscan/DepthImageToLaserScanROS_export.h
[23.347s] -- Symlinking: /home/ibraheem/course_ws/src/install/depthimage_to_laserscan/share/depthimage_to_laserscan/environment/library_path.sh
[23.350s] -- Symlinking: /home/ibraheem/course_ws/src/install/depthimage_to_laserscan/share/depthimage_to_laserscan/environment/library_path.dsv
[23.354s] -- Symlinking: /home/ibraheem/course_ws/src/install/depthimage_to_laserscan/share/ament_index/resource_index/package_run_dependencies/depthimage_to_laserscan
[23.358s] -- Symlinking: /home/ibraheem/course_ws/src/install/depthimage_to_laserscan/share/ament_index/resource_index/parent_prefix_path/depthimage_to_laserscan
[23.362s] -- Symlinking: /home/ibraheem/course_ws/src/install/depthimage_to_laserscan/share/depthimage_to_laserscan/environment/ament_prefix_path.sh
[23.366s] -- Symlinking: /home/ibraheem/course_ws/src/install/depthimage_to_laserscan/share/depthimage_to_laserscan/environment/ament_prefix_path.dsv
[23.370s] -- Symlinking: /home/ibraheem/course_ws/src/install/depthimage_to_laserscan/share/depthimage_to_laserscan/environment/path.sh
[23.374s] -- Symlinking: /home/ibraheem/course_ws/src/install/depthimage_to_laserscan/share/depthimage_to_laserscan/environment/path.dsv
[23.378s] -- Symlinking: /home/ibraheem/course_ws/src/install/depthimage_to_laserscan/share/depthimage_to_laserscan/local_setup.bash
[23.381s] -- Symlinking: /home/ibraheem/course_ws/src/install/depthimage_to_laserscan/share/depthimage_to_laserscan/local_setup.sh
[23.385s] -- Symlinking: /home/ibraheem/course_ws/src/install/depthimage_to_laserscan/share/depthimage_to_laserscan/local_setup.zsh
[23.389s] -- Symlinking: /home/ibraheem/course_ws/src/install/depthimage_to_laserscan/share/depthimage_to_laserscan/local_setup.dsv
[23.393s] -- Symlinking: /home/ibraheem/course_ws/src/install/depthimage_to_laserscan/share/depthimage_to_laserscan/package.dsv
[23.397s] -- Symlinking: /home/ibraheem/course_ws/src/install/depthimage_to_laserscan/share/ament_index/resource_index/packages/depthimage_to_laserscan
[23.401s] -- Symlinking: /home/ibraheem/course_ws/src/install/depthimage_to_laserscan/share/ament_index/resource_index/rclcpp_components/depthimage_to_laserscan
[23.404s] -- Symlinking: /home/ibraheem/course_ws/src/install/depthimage_to_laserscan/share/depthimage_to_laserscan/cmake/ament_cmake_export_include_directories-extras.cmake
[23.408s] -- Symlinking: /home/ibraheem/course_ws/src/install/depthimage_to_laserscan/share/depthimage_to_laserscan/cmake/ament_cmake_export_libraries-extras.cmake
[23.413s] -- Symlinking: /home/ibraheem/course_ws/src/install/depthimage_to_laserscan/share/depthimage_to_laserscan/cmake/ament_cmake_export_targets-extras.cmake
[23.416s] -- Symlinking: /home/ibraheem/course_ws/src/install/depthimage_to_laserscan/share/depthimage_to_laserscan/cmake/ament_cmake_export_dependencies-extras.cmake
[23.420s] -- Symlinking: /home/ibraheem/course_ws/src/install/depthimage_to_laserscan/share/depthimage_to_laserscan/cmake/depthimage_to_laserscanConfig.cmake
[23.423s] -- Symlinking: /home/ibraheem/course_ws/src/install/depthimage_to_laserscan/share/depthimage_to_laserscan/cmake/depthimage_to_laserscanConfig-version.cmake
[23.427s] -- Symlinking: /home/ibraheem/course_ws/src/install/depthimage_to_laserscan/share/depthimage_to_laserscan/package.xml
[23.430s] -- Installing: /home/ibraheem/course_ws/src/install/depthimage_to_laserscan/lib/libDepthImageToLaserScan.so
[23.431s] -- Set non-toolchain portion of runtime path of "/home/ibraheem/course_ws/src/install/depthimage_to_laserscan/lib/libDepthImageToLaserScan.so" to ""
[23.431s] -- Installing: /home/ibraheem/course_ws/src/install/depthimage_to_laserscan/lib/libDepthImageToLaserScanROS.so
[23.446s] -- Set non-toolchain portion of runtime path of "/home/ibraheem/course_ws/src/install/depthimage_to_laserscan/lib/libDepthImageToLaserScanROS.so" to ""
[23.446s] -- Installing: /home/ibraheem/course_ws/src/install/depthimage_to_laserscan/share/depthimage_to_laserscan/cmake/export_depthimage_to_laserscanExport.cmake
[23.446s] -- Installing: /home/ibraheem/course_ws/src/install/depthimage_to_laserscan/share/depthimage_to_laserscan/cmake/export_depthimage_to_laserscanExport-noconfig.cmake
[23.460s] Invoked command in '/home/ibraheem/course_ws/src/build/depthimage_to_laserscan' returned '0': CMAKE_PREFIX_PATH=/opt/ros/humble /home/ibraheem/.local/bin/cmake --install /home/ibraheem/course_ws/src/build/depthimage_to_laserscan
