-- The C compiler identification is GNU 11.4.0
-- The CXX compiler identification is GNU 11.4.0
-- Detecting C compiler ABI info
-- Detecting C compiler ABI info - done
-- Check for working C compiler: /usr/bin/cc - skipped
-- Detecting C compile features
-- Detecting C compile features - done
-- Detecting CXX compiler ABI info
-- Detecting CXX compiler ABI info - done
-- Check for working CXX compiler: /usr/bin/c++ - skipped
-- Detecting CXX compile features
-- Detecting CXX compile features - done
-- Found ament_cmake: 1.3.8 (/opt/ros/humble/share/ament_cmake/cmake)
-- Found Python3: /usr/bin/python3 (found version "3.10.12") found components: Interpreter
-- Override CMake install command with custom implementation using symlinks instead of copying resources
-- Found rclcpp_components: 16.0.8 (/opt/ros/humble/share/rclcpp_components/cmake)
-- Found rosidl_generator_c: 3.1.5 (/opt/ros/humble/share/rosidl_generator_c/cmake)
-- Found rosidl_adapter: 3.1.5 (/opt/ros/humble/share/rosidl_adapter/cmake)
-- Found rosidl_generator_cpp: 3.1.5 (/opt/ros/humble/share/rosidl_generator_cpp/cmake)
-- Using all available rosidl_typesupport_c: rosidl_typesupport_fastrtps_c;rosidl_typesupport_introspection_c
-- Using all available rosidl_typesupport_cpp: rosidl_typesupport_fastrtps_cpp;rosidl_typesupport_introspection_cpp
-- Found rmw_implementation_cmake: 6.1.1 (/opt/ros/humble/share/rmw_implementation_cmake/cmake)
-- Found rmw_fastrtps_cpp: 6.2.6 (/opt/ros/humble/share/rmw_fastrtps_cpp/cmake)
-- Found OpenSSL: /usr/lib/x86_64-linux-gnu/libcrypto.so (found version "3.0.2")
-- Found FastRTPS: /opt/ros/humble/include
-- Using RMW implementation 'rmw_fastrtps_cpp' as default
-- Performing Test CMAKE_HAVE_LIBC_PTHREAD
-- Performing Test CMAKE_HAVE_LIBC_PTHREAD - Success
-- Found Threads: TRUE
-- Found Freenect: /usr/lib/x86_64-linux-gnu/libfreenect.so;/usr/lib/x86_64-linux-gnu/libfreenect_sync.so
-- Found OpenCV: /usr (found version "4.5.4")
-- Found sensor_msgs: 4.2.3 (/opt/ros/humble/share/sensor_msgs/cmake)
-- Found cv_bridge: 3.2.1 (/opt/ros/humble/share/cv_bridge/cmake)
-- Found image_transport: 3.1.9 (/opt/ros/humble/share/image_transport/cmake)
-- Found depth_image_proc: 3.0.4 (/opt/ros/humble/share/depth_image_proc/cmake)
-- Found camera_info_manager: 3.1.9 (/opt/ros/humble/share/camera_info_manager/cmake)
-- Configuring done (2.9s)
-- Generating done (0.0s)
-- Build files have been written to: /home/ibraheem/course_ws/src/build/kinect_ros2
[ 25%] [32mBuilding CXX object CMakeFiles/kinect_ros2_component.dir/src/kinect_ros2_component.cpp.o[0m
[ 50%] [32m[1mLinking CXX shared library libkinect_ros2_component.so[0m
[ 50%] Built target kinect_ros2_component
[ 75%] [32mBuilding CXX object CMakeFiles/kinect_ros2_node.dir/src/kinect_ros2_node.cpp.o[0m
[100%] [32m[1mLinking CXX executable kinect_ros2_node[0m
[100%] Built target kinect_ros2_node
-- Install configuration: ""
-- Execute custom install script
-- Symlinking: /home/ibraheem/course_ws/src/install/kinect_ros2/lib/libkinect_ros2_component.so
-- Symlinking: /home/ibraheem/course_ws/src/install/kinect_ros2/lib/kinect_ros2/kinect_ros2_node
-- Symlinking: /home/ibraheem/course_ws/src/install/kinect_ros2/share/kinect_ros2/cfg/calibration_depth.yaml
-- Symlinking: /home/ibraheem/course_ws/src/install/kinect_ros2/share/kinect_ros2/cfg/calibration_rgb.yaml
-- Symlinking: /home/ibraheem/course_ws/src/install/kinect_ros2/share/kinect_ros2/launch/pointcloud.launch.py
-- Symlinking: /home/ibraheem/course_ws/src/install/kinect_ros2/share/kinect_ros2/launch/showimage.launch.py
-- Symlinking: /home/ibraheem/course_ws/src/install/kinect_ros2/share/kinect_ros2/rviz/pointcloud.rviz
-- Symlinking: /home/ibraheem/course_ws/src/install/kinect_ros2/share/ament_index/resource_index/package_run_dependencies/kinect_ros2
-- Symlinking: /home/ibraheem/course_ws/src/install/kinect_ros2/share/ament_index/resource_index/parent_prefix_path/kinect_ros2
-- Symlinking: /home/ibraheem/course_ws/src/install/kinect_ros2/share/kinect_ros2/environment/ament_prefix_path.sh
-- Symlinking: /home/ibraheem/course_ws/src/install/kinect_ros2/share/kinect_ros2/environment/ament_prefix_path.dsv
-- Symlinking: /home/ibraheem/course_ws/src/install/kinect_ros2/share/kinect_ros2/environment/path.sh
-- Symlinking: /home/ibraheem/course_ws/src/install/kinect_ros2/share/kinect_ros2/environment/path.dsv
-- Symlinking: /home/ibraheem/course_ws/src/install/kinect_ros2/share/kinect_ros2/local_setup.bash
-- Symlinking: /home/ibraheem/course_ws/src/install/kinect_ros2/share/kinect_ros2/local_setup.sh
-- Symlinking: /home/ibraheem/course_ws/src/install/kinect_ros2/share/kinect_ros2/local_setup.zsh
-- Symlinking: /home/ibraheem/course_ws/src/install/kinect_ros2/share/kinect_ros2/local_setup.dsv
-- Symlinking: /home/ibraheem/course_ws/src/install/kinect_ros2/share/kinect_ros2/package.dsv
-- Symlinking: /home/ibraheem/course_ws/src/install/kinect_ros2/share/ament_index/resource_index/packages/kinect_ros2
-- Symlinking: /home/ibraheem/course_ws/src/install/kinect_ros2/share/ament_index/resource_index/rclcpp_components/kinect_ros2
-- Symlinking: /home/ibraheem/course_ws/src/install/kinect_ros2/share/kinect_ros2/cmake/kinect_ros2Config.cmake
-- Symlinking: /home/ibraheem/course_ws/src/install/kinect_ros2/share/kinect_ros2/cmake/kinect_ros2Config-version.cmake
-- Symlinking: /home/ibraheem/course_ws/src/install/kinect_ros2/share/kinect_ros2/package.xml
